2025-03-19T11:24:29.288+05:30  INFO 956 --- [discount-management-system] [main] .v.d.DiscountManagementSystemApplication : Starting DiscountManagementSystemApplication using Java 21.0.5 with PID 956 (F:\VasyERP\discount-management-system\target\classes started by SAGAR in F:\VasyERP\discount-management-system)
2025-03-19T11:24:29.297+05:30 DEBUG 956 --- [discount-management-system] [main] .v.d.DiscountManagementSystemApplication : Running with Spring Boot v3.4.3, Spring v6.2.3
2025-03-19T11:24:29.300+05:30  INFO 956 --- [discount-management-system] [main] .v.d.DiscountManagementSystemApplication : No active profile set, falling back to 1 default profile: "default"
2025-03-19T11:24:30.914+05:30  INFO 956 --- [discount-management-system] [main] .s.d.r.c.RepositoryConfigurationDelegate : Bootstrapping Spring Data JPA repositories in DEFAULT mode.
2025-03-19T11:24:31.032+05:30  INFO 956 --- [discount-management-system] [main] .s.d.r.c.RepositoryConfigurationDelegate : Finished Spring Data repository scanning in 100 ms. Found 2 JPA repository interfaces.
2025-03-19T11:24:32.552+05:30  INFO 956 --- [discount-management-system] [main] o.s.b.w.embedded.tomcat.TomcatWebServer  : Tomcat initialized with port 8080 (http)
2025-03-19T11:24:32.591+05:30  INFO 956 --- [discount-management-system] [main] o.apache.catalina.core.StandardService   : Starting service [Tomcat]
2025-03-19T11:24:32.592+05:30  INFO 956 --- [discount-management-system] [main] o.apache.catalina.core.StandardEngine    : Starting Servlet engine: [Apache Tomcat/10.1.36]
2025-03-19T11:24:32.741+05:30  INFO 956 --- [discount-management-system] [main] o.a.c.c.C.[Tomcat].[localhost].[/]       : Initializing Spring embedded WebApplicationContext
2025-03-19T11:24:32.742+05:30  INFO 956 --- [discount-management-system] [main] w.s.c.ServletWebServerApplicationContext : Root WebApplicationContext: initialization completed in 3335 ms
2025-03-19T11:24:33.191+05:30  INFO 956 --- [discount-management-system] [main] o.hibernate.jpa.internal.util.LogHelper  : HHH000204: Processing PersistenceUnitInfo [name: default]
2025-03-19T11:24:33.393+05:30  INFO 956 --- [discount-management-system] [main] org.hibernate.Version                    : HHH000412: Hibernate ORM core version 6.6.8.Final
2025-03-19T11:24:33.519+05:30  INFO 956 --- [discount-management-system] [main] o.h.c.internal.RegionFactoryInitiator    : HHH000026: Second-level cache disabled
2025-03-19T11:24:34.361+05:30  INFO 956 --- [discount-management-system] [main] o.s.o.j.p.SpringPersistenceUnitInfo      : No LoadTimeWeaver setup: ignoring JPA class transformer
2025-03-19T11:24:34.459+05:30  INFO 956 --- [discount-management-system] [main] com.zaxxer.hikari.HikariDataSource       : HikariPool-1 - Starting...
2025-03-19T11:24:35.446+05:30  INFO 956 --- [discount-management-system] [main] com.zaxxer.hikari.pool.HikariPool        : HikariPool-1 - Added connection com.mysql.cj.jdbc.ConnectionImpl@e7b0bec
2025-03-19T11:24:35.451+05:30  INFO 956 --- [discount-management-system] [main] com.zaxxer.hikari.HikariDataSource       : HikariPool-1 - Start completed.
2025-03-19T11:24:35.617+05:30  WARN 956 --- [discount-management-system] [main] org.hibernate.orm.deprecation            : HHH90000025: MySQL8Dialect does not need to be specified explicitly using 'hibernate.dialect' (remove the property setting and it will be selected by default)
2025-03-19T11:24:35.621+05:30  WARN 956 --- [discount-management-system] [main] org.hibernate.orm.deprecation            : HHH90000026: MySQL8Dialect has been deprecated; use org.hibernate.dialect.MySQLDialect instead
2025-03-19T11:24:35.678+05:30  INFO 956 --- [discount-management-system] [main] org.hibernate.orm.connections.pooling    : HHH10001005: Database info:
	Database JDBC URL [Connecting through datasource 'HikariDataSource (HikariPool-1)']
	Database driver: undefined/unknown
	Database version: 8.0
	Autocommit mode: undefined/unknown
	Isolation level: undefined/unknown
	Minimum pool size: undefined/unknown
	Maximum pool size: undefined/unknown
2025-03-19T11:24:38.313+05:30  INFO 956 --- [discount-management-system] [main] o.h.e.t.j.p.i.JtaPlatformInitiator       : HHH000489: No JTA platform available (set 'hibernate.transaction.jta.platform' to enable JTA platform integration)
2025-03-19T11:24:38.491+05:30  INFO 956 --- [discount-management-system] [main] j.LocalContainerEntityManagerFactoryBean : Initialized JPA EntityManagerFactory for persistence unit 'default'
2025-03-19T11:24:39.258+05:30  WARN 956 --- [discount-management-system] [main] JpaBaseConfiguration$JpaWebConfiguration : spring.jpa.open-in-view is enabled by default. Therefore, database queries may be performed during view rendering. Explicitly configure spring.jpa.open-in-view to disable this warning
2025-03-19T11:24:40.163+05:30  INFO 956 --- [discount-management-system] [main] o.s.b.w.embedded.tomcat.TomcatWebServer  : Tomcat started on port 8080 (http) with context path '/'
2025-03-19T11:24:40.180+05:30  INFO 956 --- [discount-management-system] [main] .v.d.DiscountManagementSystemApplication : Started DiscountManagementSystemApplication in 11.676 seconds (process running for 13.291)
2025-03-19T11:25:00.351+05:30  INFO 956 --- [discount-management-system] [http-nio-8080-exec-2] o.a.c.c.C.[Tomcat].[localhost].[/]       : Initializing Spring DispatcherServlet 'dispatcherServlet'
2025-03-19T11:25:00.352+05:30  INFO 956 --- [discount-management-system] [http-nio-8080-exec-2] o.s.web.servlet.DispatcherServlet        : Initializing Servlet 'dispatcherServlet'
2025-03-19T11:25:00.362+05:30  INFO 956 --- [discount-management-system] [http-nio-8080-exec-2] o.s.web.servlet.DispatcherServlet        : Completed initialization in 8 ms
2025-03-19T11:25:00.984+05:30  WARN 956 --- [discount-management-system] [http-nio-8080-exec-2] c.v.d.exception.GlobalExceptionHandler   : Validation error: Validation failed for argument [0] in public org.springframework.http.ResponseEntity<com.vasyerp.discount.dto.ProductResponse> com.vasyerp.discount.controller.ProductDiscountController.applyDiscount(com.vasyerp.discount.dto.DiscountRequest): [Field error in object 'discountRequest' on field 'discountValue': rejected value [-10.0]; codes [Min.discountRequest.discountValue,Min.discountValue,Min.java.lang.Double,Min]; arguments [org.springframework.context.support.DefaultMessageSourceResolvable: codes [discountRequest.discountValue,discountValue]; arguments []; default message [discountValue],0]; default message [Discount value must be non-negative]] 
2025-03-19T11:25:25.673+05:30  INFO 956 --- [discount-management-system] [http-nio-8080-exec-4] c.v.d.c.ProductDiscountController        : Received request to apply discount: DiscountRequest(productId=2, discountType=FLAT, discountValue=10.0, seasonalDiscountActive=true)
2025-03-19T11:25:25.735+05:30  INFO 956 --- [discount-management-system] [http-nio-8080-exec-4] c.v.d.s.impl.ProductDiscountServiceImpl  : Processing discount for product ID: 2
2025-03-19T11:25:26.857+05:30  INFO 956 --- [discount-management-system] [http-nio-8080-exec-4] c.v.d.s.impl.ProductDiscountServiceImpl  : Product found: Smartphone | Price: 790.5 | Quantity: 15
2025-03-19T11:25:26.858+05:30  INFO 956 --- [discount-management-system] [http-nio-8080-exec-4] c.v.d.s.impl.ProductDiscountServiceImpl  : Calculating discounted price for product: Smartphone with discount type: FLAT
2025-03-19T11:25:26.858+05:30 DEBUG 956 --- [discount-management-system] [http-nio-8080-exec-4] c.v.d.s.impl.ProductDiscountServiceImpl  : Applied flat discount: 10.0. New price: 780.5
2025-03-19T11:25:26.860+05:30  INFO 956 --- [discount-management-system] [http-nio-8080-exec-4] c.v.d.s.impl.ProductDiscountServiceImpl  : Checking seasonal discount eligibility for product: Smartphone
2025-03-19T11:25:26.861+05:30  INFO 956 --- [discount-management-system] [http-nio-8080-exec-4] c.v.d.s.impl.ProductDiscountServiceImpl  : Product Smartphone is NOT eligible for seasonal discount.
2025-03-19T11:25:26.861+05:30  INFO 956 --- [discount-management-system] [http-nio-8080-exec-4] c.v.d.s.impl.ProductDiscountServiceImpl  : No seasonal discount applied for product: Smartphone
2025-03-19T11:25:26.869+05:30  INFO 956 --- [discount-management-system] [http-nio-8080-exec-4] c.v.d.s.impl.ProductDiscountServiceImpl  : Final discounted price for product Smartphone: 780.5
2025-03-19T11:25:26.870+05:30  INFO 956 --- [discount-management-system] [http-nio-8080-exec-4] c.v.d.s.impl.ProductDiscountServiceImpl  : Applying discount for product: Smartphone with ID: 2
2025-03-19T11:25:26.871+05:30 DEBUG 956 --- [discount-management-system] [http-nio-8080-exec-4] c.v.d.s.impl.ProductDiscountServiceImpl  : Updated product price after discount: $780.5
2025-03-19T11:25:26.872+05:30 DEBUG 956 --- [discount-management-system] [http-nio-8080-exec-4] c.v.d.s.impl.ProductDiscountServiceImpl  : Updated seasonal discount status: true
2025-03-19T11:25:26.904+05:30  INFO 956 --- [discount-management-system] [http-nio-8080-exec-4] c.v.d.s.impl.ProductDiscountServiceImpl  : Product details updated and saved successfully for ID: 2
2025-03-19T11:25:26.905+05:30  INFO 956 --- [discount-management-system] [http-nio-8080-exec-4] c.v.d.s.impl.ProductDiscountServiceImpl  : Returning ProductResponse: Product ID: 2, Name: Smartphone, Final Price: $780.5
2025-03-19T11:27:25.003+05:30  INFO 956 --- [discount-management-system] [RMI TCP Connection(13)-127.0.0.1] inMXBeanRegistrar$SpringApplicationAdmin : Application shutdown requested.
2025-03-19T11:27:25.009+05:30  INFO 956 --- [discount-management-system] [RMI TCP Connection(13)-127.0.0.1] o.s.b.w.e.tomcat.GracefulShutdown        : Commencing graceful shutdown. Waiting for active requests to complete
2025-03-19T11:27:25.021+05:30  INFO 956 --- [discount-management-system] [tomcat-shutdown] o.s.b.w.e.tomcat.GracefulShutdown        : Graceful shutdown complete
2025-03-19T11:27:25.034+05:30  INFO 956 --- [discount-management-system] [RMI TCP Connection(13)-127.0.0.1] j.LocalContainerEntityManagerFactoryBean : Closing JPA EntityManagerFactory for persistence unit 'default'
2025-03-19T11:27:25.039+05:30  INFO 956 --- [discount-management-system] [RMI TCP Connection(13)-127.0.0.1] com.zaxxer.hikari.HikariDataSource       : HikariPool-1 - Shutdown initiated...
2025-03-19T11:27:25.064+05:30  INFO 956 --- [discount-management-system] [RMI TCP Connection(13)-127.0.0.1] com.zaxxer.hikari.HikariDataSource       : HikariPool-1 - Shutdown completed.
